2022-03-29 21:38:40,134 - main.py[LINE:159] - INFO - start programm
2022-03-29 21:38:40,140 - connectionpool.py[LINE:1001] - DEBUG - Starting new HTTPS connection (1): api.telegram.org:443
2022-03-29 21:38:48,351 - connectionpool.py[LINE:456] - DEBUG - https://api.telegram.org:443 "GET /bot5121493952:AAEzxWWOArGWK7uONMj4NC_fkDna-xXcz2g/getUpdates?offset=1&timeout=20 HTTP/1.1" 200 419
2022-03-29 21:38:48,737 - connectionpool.py[LINE:1001] - DEBUG - Starting new HTTPS connection (1): api.telegram.org:443
2022-03-29 21:38:48,982 - connectionpool.py[LINE:456] - DEBUG - https://api.telegram.org:443 "POST /bot5121493952:AAEzxWWOArGWK7uONMj4NC_fkDna-xXcz2g/sendMessage?chat_id=187087252&text=Sensor%3A+%2Famdcpu%2F0%2Ftemperature%2F0%0ACore+CPU+Package%0AValue%3A+54.375%0AMax%3A+69.25 HTTP/1.1" 200 352
2022-03-29 21:39:08,416 - connectionpool.py[LINE:456] - DEBUG - https://api.telegram.org:443 "GET /bot5121493952:AAEzxWWOArGWK7uONMj4NC_fkDna-xXcz2g/getUpdates?offset=331801088&timeout=20 HTTP/1.1" 200 23
2022-03-29 21:39:28,484 - connectionpool.py[LINE:456] - DEBUG - https://api.telegram.org:443 "GET /bot5121493952:AAEzxWWOArGWK7uONMj4NC_fkDna-xXcz2g/getUpdates?offset=331801088&timeout=20 HTTP/1.1" 200 23
2022-03-29 21:39:48,548 - connectionpool.py[LINE:456] - DEBUG - https://api.telegram.org:443 "GET /bot5121493952:AAEzxWWOArGWK7uONMj4NC_fkDna-xXcz2g/getUpdates?offset=331801088&timeout=20 HTTP/1.1" 200 23
2022-03-29 21:40:08,614 - connectionpool.py[LINE:456] - DEBUG - https://api.telegram.org:443 "GET /bot5121493952:AAEzxWWOArGWK7uONMj4NC_fkDna-xXcz2g/getUpdates?offset=331801088&timeout=20 HTTP/1.1" 200 23
2022-03-29 21:40:28,684 - connectionpool.py[LINE:456] - DEBUG - https://api.telegram.org:443 "GET /bot5121493952:AAEzxWWOArGWK7uONMj4NC_fkDna-xXcz2g/getUpdates?offset=331801088&timeout=20 HTTP/1.1" 200 23
2022-03-29 21:40:48,750 - connectionpool.py[LINE:456] - DEBUG - https://api.telegram.org:443 "GET /bot5121493952:AAEzxWWOArGWK7uONMj4NC_fkDna-xXcz2g/getUpdates?offset=331801088&timeout=20 HTTP/1.1" 200 23
2022-03-29 21:41:08,816 - connectionpool.py[LINE:456] - DEBUG - https://api.telegram.org:443 "GET /bot5121493952:AAEzxWWOArGWK7uONMj4NC_fkDna-xXcz2g/getUpdates?offset=331801088&timeout=20 HTTP/1.1" 200 23
2022-03-29 21:41:28,881 - connectionpool.py[LINE:456] - DEBUG - https://api.telegram.org:443 "GET /bot5121493952:AAEzxWWOArGWK7uONMj4NC_fkDna-xXcz2g/getUpdates?offset=331801088&timeout=20 HTTP/1.1" 200 23
2022-03-29 21:41:48,953 - connectionpool.py[LINE:456] - DEBUG - https://api.telegram.org:443 "GET /bot5121493952:AAEzxWWOArGWK7uONMj4NC_fkDna-xXcz2g/getUpdates?offset=331801088&timeout=20 HTTP/1.1" 200 23
2022-03-29 21:42:09,023 - connectionpool.py[LINE:456] - DEBUG - https://api.telegram.org:443 "GET /bot5121493952:AAEzxWWOArGWK7uONMj4NC_fkDna-xXcz2g/getUpdates?offset=331801088&timeout=20 HTTP/1.1" 200 23
2022-03-29 21:42:29,102 - connectionpool.py[LINE:456] - DEBUG - https://api.telegram.org:443 "GET /bot5121493952:AAEzxWWOArGWK7uONMj4NC_fkDna-xXcz2g/getUpdates?offset=331801088&timeout=20 HTTP/1.1" 200 23
2022-03-29 21:42:49,170 - connectionpool.py[LINE:456] - DEBUG - https://api.telegram.org:443 "GET /bot5121493952:AAEzxWWOArGWK7uONMj4NC_fkDna-xXcz2g/getUpdates?offset=331801088&timeout=20 HTTP/1.1" 200 23
2022-03-29 21:43:09,236 - connectionpool.py[LINE:456] - DEBUG - https://api.telegram.org:443 "GET /bot5121493952:AAEzxWWOArGWK7uONMj4NC_fkDna-xXcz2g/getUpdates?offset=331801088&timeout=20 HTTP/1.1" 200 23
2022-03-29 21:43:29,304 - connectionpool.py[LINE:456] - DEBUG - https://api.telegram.org:443 "GET /bot5121493952:AAEzxWWOArGWK7uONMj4NC_fkDna-xXcz2g/getUpdates?offset=331801088&timeout=20 HTTP/1.1" 200 23
2022-03-29 21:43:49,376 - connectionpool.py[LINE:456] - DEBUG - https://api.telegram.org:443 "GET /bot5121493952:AAEzxWWOArGWK7uONMj4NC_fkDna-xXcz2g/getUpdates?offset=331801088&timeout=20 HTTP/1.1" 200 23
2022-03-29 21:44:09,444 - connectionpool.py[LINE:456] - DEBUG - https://api.telegram.org:443 "GET /bot5121493952:AAEzxWWOArGWK7uONMj4NC_fkDna-xXcz2g/getUpdates?offset=331801088&timeout=20 HTTP/1.1" 200 23
2022-03-29 21:44:29,512 - connectionpool.py[LINE:456] - DEBUG - https://api.telegram.org:443 "GET /bot5121493952:AAEzxWWOArGWK7uONMj4NC_fkDna-xXcz2g/getUpdates?offset=331801088&timeout=20 HTTP/1.1" 200 23
2022-03-29 21:44:49,576 - connectionpool.py[LINE:456] - DEBUG - https://api.telegram.org:443 "GET /bot5121493952:AAEzxWWOArGWK7uONMj4NC_fkDna-xXcz2g/getUpdates?offset=331801088&timeout=20 HTTP/1.1" 200 23
2022-03-29 21:45:09,645 - connectionpool.py[LINE:456] - DEBUG - https://api.telegram.org:443 "GET /bot5121493952:AAEzxWWOArGWK7uONMj4NC_fkDna-xXcz2g/getUpdates?offset=331801088&timeout=20 HTTP/1.1" 200 23
2022-03-29 21:45:29,712 - connectionpool.py[LINE:456] - DEBUG - https://api.telegram.org:443 "GET /bot5121493952:AAEzxWWOArGWK7uONMj4NC_fkDna-xXcz2g/getUpdates?offset=331801088&timeout=20 HTTP/1.1" 200 23
2022-03-29 21:45:49,780 - connectionpool.py[LINE:456] - DEBUG - https://api.telegram.org:443 "GET /bot5121493952:AAEzxWWOArGWK7uONMj4NC_fkDna-xXcz2g/getUpdates?offset=331801088&timeout=20 HTTP/1.1" 200 23
2022-03-29 21:46:09,845 - connectionpool.py[LINE:456] - DEBUG - https://api.telegram.org:443 "GET /bot5121493952:AAEzxWWOArGWK7uONMj4NC_fkDna-xXcz2g/getUpdates?offset=331801088&timeout=20 HTTP/1.1" 200 23
2022-03-29 21:46:29,919 - connectionpool.py[LINE:456] - DEBUG - https://api.telegram.org:443 "GET /bot5121493952:AAEzxWWOArGWK7uONMj4NC_fkDna-xXcz2g/getUpdates?offset=331801088&timeout=20 HTTP/1.1" 200 23
2022-03-29 21:46:49,986 - connectionpool.py[LINE:456] - DEBUG - https://api.telegram.org:443 "GET /bot5121493952:AAEzxWWOArGWK7uONMj4NC_fkDna-xXcz2g/getUpdates?offset=331801088&timeout=20 HTTP/1.1" 200 23
2022-03-29 21:47:10,051 - connectionpool.py[LINE:456] - DEBUG - https://api.telegram.org:443 "GET /bot5121493952:AAEzxWWOArGWK7uONMj4NC_fkDna-xXcz2g/getUpdates?offset=331801088&timeout=20 HTTP/1.1" 200 23
2022-03-29 21:47:30,119 - connectionpool.py[LINE:456] - DEBUG - https://api.telegram.org:443 "GET /bot5121493952:AAEzxWWOArGWK7uONMj4NC_fkDna-xXcz2g/getUpdates?offset=331801088&timeout=20 HTTP/1.1" 200 23
2022-03-29 21:47:36,009 - main.py[LINE:158] - INFO - start programm
2022-03-29 21:47:36,014 - connectionpool.py[LINE:1001] - DEBUG - Starting new HTTPS connection (1): api.telegram.org:443
2022-03-29 21:47:43,446 - connectionpool.py[LINE:456] - DEBUG - https://api.telegram.org:443 "GET /bot5121493952:AAEzxWWOArGWK7uONMj4NC_fkDna-xXcz2g/getUpdates?offset=1&timeout=20 HTTP/1.1" 200 419
2022-03-29 21:47:44,242 - connectionpool.py[LINE:1001] - DEBUG - Starting new HTTPS connection (1): api.telegram.org:443
2022-03-29 21:47:45,317 - connectionpool.py[LINE:456] - DEBUG - https://api.telegram.org:443 "POST /bot5121493952:AAEzxWWOArGWK7uONMj4NC_fkDna-xXcz2g/sendMessage?chat_id=187087252&text=Sensor%3A+%2Famdcpu%2F0%2Ftemperature%2F0%0ACore+CPU+Package%0AValue%3A+55.625%0AMax%3A+69.25 HTTP/1.1" 200 352
2022-03-29 21:48:03,509 - connectionpool.py[LINE:456] - DEBUG - https://api.telegram.org:443 "GET /bot5121493952:AAEzxWWOArGWK7uONMj4NC_fkDna-xXcz2g/getUpdates?offset=331801089&timeout=20 HTTP/1.1" 200 23
2022-03-29 21:48:19,447 - main.py[LINE:158] - INFO - start programm
2022-03-29 21:48:19,452 - connectionpool.py[LINE:1001] - DEBUG - Starting new HTTPS connection (1): api.telegram.org:443
2022-03-29 21:48:26,608 - connectionpool.py[LINE:456] - DEBUG - https://api.telegram.org:443 "GET /bot5121493952:AAEzxWWOArGWK7uONMj4NC_fkDna-xXcz2g/getUpdates?offset=1&timeout=20 HTTP/1.1" 200 419
2022-03-29 21:48:27,448 - connectionpool.py[LINE:1001] - DEBUG - Starting new HTTPS connection (1): api.telegram.org:443
2022-03-29 21:48:28,732 - connectionpool.py[LINE:456] - DEBUG - https://api.telegram.org:443 "POST /bot5121493952:AAEzxWWOArGWK7uONMj4NC_fkDna-xXcz2g/sendMessage?chat_id=187087252&text=Sensor%3A+%2Famdcpu%2F0%2Ftemperature%2F0%0ACore+CPU+Package%0AValue%3A+55.125%0AMax%3A+69.25 HTTP/1.1" 200 352
2022-03-29 21:48:47,068 - connectionpool.py[LINE:456] - DEBUG - https://api.telegram.org:443 "GET /bot5121493952:AAEzxWWOArGWK7uONMj4NC_fkDna-xXcz2g/getUpdates?offset=331801090&timeout=20 HTTP/1.1" 200 23
2022-03-29 21:49:07,578 - connectionpool.py[LINE:456] - DEBUG - https://api.telegram.org:443 "GET /bot5121493952:AAEzxWWOArGWK7uONMj4NC_fkDna-xXcz2g/getUpdates?offset=331801090&timeout=20 HTTP/1.1" 200 23
2022-03-29 21:49:28,067 - connectionpool.py[LINE:456] - DEBUG - https://api.telegram.org:443 "GET /bot5121493952:AAEzxWWOArGWK7uONMj4NC_fkDna-xXcz2g/getUpdates?offset=331801090&timeout=20 HTTP/1.1" 200 23
2022-03-29 21:49:48,601 - connectionpool.py[LINE:456] - DEBUG - https://api.telegram.org:443 "GET /bot5121493952:AAEzxWWOArGWK7uONMj4NC_fkDna-xXcz2g/getUpdates?offset=331801090&timeout=20 HTTP/1.1" 200 23
2022-03-29 21:50:09,116 - connectionpool.py[LINE:456] - DEBUG - https://api.telegram.org:443 "GET /bot5121493952:AAEzxWWOArGWK7uONMj4NC_fkDna-xXcz2g/getUpdates?offset=331801090&timeout=20 HTTP/1.1" 200 23
2022-03-29 21:50:29,657 - connectionpool.py[LINE:456] - DEBUG - https://api.telegram.org:443 "GET /bot5121493952:AAEzxWWOArGWK7uONMj4NC_fkDna-xXcz2g/getUpdates?offset=331801090&timeout=20 HTTP/1.1" 200 23
2022-03-29 21:50:50,225 - connectionpool.py[LINE:456] - DEBUG - https://api.telegram.org:443 "GET /bot5121493952:AAEzxWWOArGWK7uONMj4NC_fkDna-xXcz2g/getUpdates?offset=331801090&timeout=20 HTTP/1.1" 200 23
2022-03-29 21:51:10,750 - connectionpool.py[LINE:456] - DEBUG - https://api.telegram.org:443 "GET /bot5121493952:AAEzxWWOArGWK7uONMj4NC_fkDna-xXcz2g/getUpdates?offset=331801090&timeout=20 HTTP/1.1" 200 23
2022-03-29 21:51:31,303 - connectionpool.py[LINE:456] - DEBUG - https://api.telegram.org:443 "GET /bot5121493952:AAEzxWWOArGWK7uONMj4NC_fkDna-xXcz2g/getUpdates?offset=331801090&timeout=20 HTTP/1.1" 200 23
2022-03-29 21:51:51,847 - connectionpool.py[LINE:456] - DEBUG - https://api.telegram.org:443 "GET /bot5121493952:AAEzxWWOArGWK7uONMj4NC_fkDna-xXcz2g/getUpdates?offset=331801090&timeout=20 HTTP/1.1" 200 23
2022-03-29 21:52:12,423 - connectionpool.py[LINE:456] - DEBUG - https://api.telegram.org:443 "GET /bot5121493952:AAEzxWWOArGWK7uONMj4NC_fkDna-xXcz2g/getUpdates?offset=331801090&timeout=20 HTTP/1.1" 200 23
2022-03-29 21:52:33,020 - connectionpool.py[LINE:456] - DEBUG - https://api.telegram.org:443 "GET /bot5121493952:AAEzxWWOArGWK7uONMj4NC_fkDna-xXcz2g/getUpdates?offset=331801090&timeout=20 HTTP/1.1" 200 23
2022-03-29 21:52:53,606 - connectionpool.py[LINE:456] - DEBUG - https://api.telegram.org:443 "GET /bot5121493952:AAEzxWWOArGWK7uONMj4NC_fkDna-xXcz2g/getUpdates?offset=331801090&timeout=20 HTTP/1.1" 200 23
2022-03-29 21:53:14,203 - connectionpool.py[LINE:456] - DEBUG - https://api.telegram.org:443 "GET /bot5121493952:AAEzxWWOArGWK7uONMj4NC_fkDna-xXcz2g/getUpdates?offset=331801090&timeout=20 HTTP/1.1" 200 23
2022-03-29 21:53:34,777 - connectionpool.py[LINE:456] - DEBUG - https://api.telegram.org:443 "GET /bot5121493952:AAEzxWWOArGWK7uONMj4NC_fkDna-xXcz2g/getUpdates?offset=331801090&timeout=20 HTTP/1.1" 200 23
2022-03-29 21:53:55,362 - connectionpool.py[LINE:456] - DEBUG - https://api.telegram.org:443 "GET /bot5121493952:AAEzxWWOArGWK7uONMj4NC_fkDna-xXcz2g/getUpdates?offset=331801090&timeout=20 HTTP/1.1" 200 23
2022-03-29 21:54:15,957 - connectionpool.py[LINE:456] - DEBUG - https://api.telegram.org:443 "GET /bot5121493952:AAEzxWWOArGWK7uONMj4NC_fkDna-xXcz2g/getUpdates?offset=331801090&timeout=20 HTTP/1.1" 200 23
2022-03-29 21:54:36,536 - connectionpool.py[LINE:456] - DEBUG - https://api.telegram.org:443 "GET /bot5121493952:AAEzxWWOArGWK7uONMj4NC_fkDna-xXcz2g/getUpdates?offset=331801090&timeout=20 HTTP/1.1" 200 23
2022-03-29 21:54:57,074 - connectionpool.py[LINE:456] - DEBUG - https://api.telegram.org:443 "GET /bot5121493952:AAEzxWWOArGWK7uONMj4NC_fkDna-xXcz2g/getUpdates?offset=331801090&timeout=20 HTTP/1.1" 200 23
2022-03-29 21:55:17,694 - connectionpool.py[LINE:456] - DEBUG - https://api.telegram.org:443 "GET /bot5121493952:AAEzxWWOArGWK7uONMj4NC_fkDna-xXcz2g/getUpdates?offset=331801090&timeout=20 HTTP/1.1" 200 23
2022-03-29 21:55:38,235 - connectionpool.py[LINE:456] - DEBUG - https://api.telegram.org:443 "GET /bot5121493952:AAEzxWWOArGWK7uONMj4NC_fkDna-xXcz2g/getUpdates?offset=331801090&timeout=20 HTTP/1.1" 200 23
2022-03-29 21:55:58,783 - connectionpool.py[LINE:456] - DEBUG - https://api.telegram.org:443 "GET /bot5121493952:AAEzxWWOArGWK7uONMj4NC_fkDna-xXcz2g/getUpdates?offset=331801090&timeout=20 HTTP/1.1" 200 23
2022-03-29 21:56:19,321 - connectionpool.py[LINE:456] - DEBUG - https://api.telegram.org:443 "GET /bot5121493952:AAEzxWWOArGWK7uONMj4NC_fkDna-xXcz2g/getUpdates?offset=331801090&timeout=20 HTTP/1.1" 200 23
2022-03-29 21:56:39,860 - connectionpool.py[LINE:456] - DEBUG - https://api.telegram.org:443 "GET /bot5121493952:AAEzxWWOArGWK7uONMj4NC_fkDna-xXcz2g/getUpdates?offset=331801090&timeout=20 HTTP/1.1" 200 23
2022-03-29 21:57:00,432 - connectionpool.py[LINE:456] - DEBUG - https://api.telegram.org:443 "GET /bot5121493952:AAEzxWWOArGWK7uONMj4NC_fkDna-xXcz2g/getUpdates?offset=331801090&timeout=20 HTTP/1.1" 200 23
2022-03-29 21:57:20,970 - connectionpool.py[LINE:456] - DEBUG - https://api.telegram.org:443 "GET /bot5121493952:AAEzxWWOArGWK7uONMj4NC_fkDna-xXcz2g/getUpdates?offset=331801090&timeout=20 HTTP/1.1" 200 23
2022-03-29 21:57:41,546 - connectionpool.py[LINE:456] - DEBUG - https://api.telegram.org:443 "GET /bot5121493952:AAEzxWWOArGWK7uONMj4NC_fkDna-xXcz2g/getUpdates?offset=331801090&timeout=20 HTTP/1.1" 200 23
2022-03-29 21:58:02,121 - connectionpool.py[LINE:456] - DEBUG - https://api.telegram.org:443 "GET /bot5121493952:AAEzxWWOArGWK7uONMj4NC_fkDna-xXcz2g/getUpdates?offset=331801090&timeout=20 HTTP/1.1" 200 23
2022-03-29 21:58:20,147 - __init__.py[LINE:660] - DEBUG - Running job Job(interval=10, unit=minutes, do=check_temp, args=(), kwargs={})
2022-03-29 21:58:21,031 - connectionpool.py[LINE:1001] - DEBUG - Starting new HTTPS connection (1): api.telegram.org:443
2022-03-29 21:58:21,323 - connectionpool.py[LINE:456] - DEBUG - https://api.telegram.org:443 "POST /bot5121493952:AAEzxWWOArGWK7uONMj4NC_fkDna-xXcz2g/sendMessage?chat_id=187087252%0A&text=Sensor%3A+%2Famdcpu%2F0%2Ftemperature%2F0%0A%D0%92%D0%9D%D0%98%D0%9C%D0%90%D0%9D%D0%98%D0%95%21+%D0%A2%D0%95%D0%9C%D0%9F%D0%95%D0%A0%D0%90%D0%A2%D0%A3%D0%A0%D0%90+%D0%9F%D0%9E%D0%94%D0%9D%D0%AF%D0%9B%D0%90%D0%A1%D0%AC+%D0%94%D0%9E+51.25+%D0%93%D0%A0%D0%90%D0%94%D0%A3%D0%A1%D0%9E%D0%92%21%21%21 HTTP/1.1" 200 551
2022-03-29 21:58:22,636 - connectionpool.py[LINE:456] - DEBUG - https://api.telegram.org:443 "GET /bot5121493952:AAEzxWWOArGWK7uONMj4NC_fkDna-xXcz2g/getUpdates?offset=331801090&timeout=20 HTTP/1.1" 200 23
2022-03-29 21:58:22,639 - connectionpool.py[LINE:1001] - DEBUG - Starting new HTTPS connection (1): api.telegram.org:443
2022-03-29 21:58:43,288 - connectionpool.py[LINE:456] - DEBUG - https://api.telegram.org:443 "GET /bot5121493952:AAEzxWWOArGWK7uONMj4NC_fkDna-xXcz2g/getUpdates?offset=331801090&timeout=20 HTTP/1.1" 200 23
2022-03-29 21:59:03,353 - connectionpool.py[LINE:456] - DEBUG - https://api.telegram.org:443 "GET /bot5121493952:AAEzxWWOArGWK7uONMj4NC_fkDna-xXcz2g/getUpdates?offset=331801090&timeout=20 HTTP/1.1" 200 23
2022-03-29 21:59:23,418 - connectionpool.py[LINE:456] - DEBUG - https://api.telegram.org:443 "GET /bot5121493952:AAEzxWWOArGWK7uONMj4NC_fkDna-xXcz2g/getUpdates?offset=331801090&timeout=20 HTTP/1.1" 200 23
2022-03-29 21:59:43,482 - connectionpool.py[LINE:456] - DEBUG - https://api.telegram.org:443 "GET /bot5121493952:AAEzxWWOArGWK7uONMj4NC_fkDna-xXcz2g/getUpdates?offset=331801090&timeout=20 HTTP/1.1" 200 23
2022-03-29 22:00:03,815 - connectionpool.py[LINE:456] - DEBUG - https://api.telegram.org:443 "GET /bot5121493952:AAEzxWWOArGWK7uONMj4NC_fkDna-xXcz2g/getUpdates?offset=331801090&timeout=20 HTTP/1.1" 200 23
2022-03-29 22:00:23,883 - connectionpool.py[LINE:456] - DEBUG - https://api.telegram.org:443 "GET /bot5121493952:AAEzxWWOArGWK7uONMj4NC_fkDna-xXcz2g/getUpdates?offset=331801090&timeout=20 HTTP/1.1" 200 23
2022-03-29 22:00:43,947 - connectionpool.py[LINE:456] - DEBUG - https://api.telegram.org:443 "GET /bot5121493952:AAEzxWWOArGWK7uONMj4NC_fkDna-xXcz2g/getUpdates?offset=331801090&timeout=20 HTTP/1.1" 200 23
2022-03-29 22:01:04,013 - connectionpool.py[LINE:456] - DEBUG - https://api.telegram.org:443 "GET /bot5121493952:AAEzxWWOArGWK7uONMj4NC_fkDna-xXcz2g/getUpdates?offset=331801090&timeout=20 HTTP/1.1" 200 23
2022-03-29 22:01:24,079 - connectionpool.py[LINE:456] - DEBUG - https://api.telegram.org:443 "GET /bot5121493952:AAEzxWWOArGWK7uONMj4NC_fkDna-xXcz2g/getUpdates?offset=331801090&timeout=20 HTTP/1.1" 200 23
2022-03-29 22:01:44,144 - connectionpool.py[LINE:456] - DEBUG - https://api.telegram.org:443 "GET /bot5121493952:AAEzxWWOArGWK7uONMj4NC_fkDna-xXcz2g/getUpdates?offset=331801090&timeout=20 HTTP/1.1" 200 23
2022-03-29 22:02:04,233 - connectionpool.py[LINE:456] - DEBUG - https://api.telegram.org:443 "GET /bot5121493952:AAEzxWWOArGWK7uONMj4NC_fkDna-xXcz2g/getUpdates?offset=331801090&timeout=20 HTTP/1.1" 200 23
2022-03-29 22:02:24,303 - connectionpool.py[LINE:456] - DEBUG - https://api.telegram.org:443 "GET /bot5121493952:AAEzxWWOArGWK7uONMj4NC_fkDna-xXcz2g/getUpdates?offset=331801090&timeout=20 HTTP/1.1" 200 23
2022-03-29 22:02:41,005 - connectionpool.py[LINE:456] - DEBUG - https://api.telegram.org:443 "GET /bot5121493952:AAEzxWWOArGWK7uONMj4NC_fkDna-xXcz2g/getUpdates?offset=331801090&timeout=20 HTTP/1.1" 200 419
2022-03-29 22:02:41,847 - connectionpool.py[LINE:1001] - DEBUG - Starting new HTTPS connection (1): api.telegram.org:443
2022-03-29 22:02:42,181 - connectionpool.py[LINE:456] - DEBUG - https://api.telegram.org:443 "POST /bot5121493952:AAEzxWWOArGWK7uONMj4NC_fkDna-xXcz2g/sendMessage?chat_id=187087252&text=Sensor%3A+%2Famdcpu%2F0%2Ftemperature%2F0%0ACore+CPU+Package%0AValue%3A+51.25%0AMax%3A+69.25 HTTP/1.1" 200 351
2022-03-29 22:03:01,069 - connectionpool.py[LINE:456] - DEBUG - https://api.telegram.org:443 "GET /bot5121493952:AAEzxWWOArGWK7uONMj4NC_fkDna-xXcz2g/getUpdates?offset=331801091&timeout=20 HTTP/1.1" 200 23
2022-03-29 22:03:21,135 - connectionpool.py[LINE:456] - DEBUG - https://api.telegram.org:443 "GET /bot5121493952:AAEzxWWOArGWK7uONMj4NC_fkDna-xXcz2g/getUpdates?offset=331801091&timeout=20 HTTP/1.1" 200 23
2022-03-29 22:03:41,199 - connectionpool.py[LINE:456] - DEBUG - https://api.telegram.org:443 "GET /bot5121493952:AAEzxWWOArGWK7uONMj4NC_fkDna-xXcz2g/getUpdates?offset=331801091&timeout=20 HTTP/1.1" 200 23
2022-03-29 22:04:01,263 - connectionpool.py[LINE:456] - DEBUG - https://api.telegram.org:443 "GET /bot5121493952:AAEzxWWOArGWK7uONMj4NC_fkDna-xXcz2g/getUpdates?offset=331801091&timeout=20 HTTP/1.1" 200 23
2022-03-29 22:04:21,328 - connectionpool.py[LINE:456] - DEBUG - https://api.telegram.org:443 "GET /bot5121493952:AAEzxWWOArGWK7uONMj4NC_fkDna-xXcz2g/getUpdates?offset=331801091&timeout=20 HTTP/1.1" 200 23
2022-03-29 22:04:41,393 - connectionpool.py[LINE:456] - DEBUG - https://api.telegram.org:443 "GET /bot5121493952:AAEzxWWOArGWK7uONMj4NC_fkDna-xXcz2g/getUpdates?offset=331801091&timeout=20 HTTP/1.1" 200 23
2022-03-29 22:05:01,457 - connectionpool.py[LINE:456] - DEBUG - https://api.telegram.org:443 "GET /bot5121493952:AAEzxWWOArGWK7uONMj4NC_fkDna-xXcz2g/getUpdates?offset=331801091&timeout=20 HTTP/1.1" 200 23
2022-03-29 22:05:21,520 - connectionpool.py[LINE:456] - DEBUG - https://api.telegram.org:443 "GET /bot5121493952:AAEzxWWOArGWK7uONMj4NC_fkDna-xXcz2g/getUpdates?offset=331801091&timeout=20 HTTP/1.1" 200 23
2022-03-29 22:05:41,585 - connectionpool.py[LINE:456] - DEBUG - https://api.telegram.org:443 "GET /bot5121493952:AAEzxWWOArGWK7uONMj4NC_fkDna-xXcz2g/getUpdates?offset=331801091&timeout=20 HTTP/1.1" 200 23
2022-03-29 22:06:01,649 - connectionpool.py[LINE:456] - DEBUG - https://api.telegram.org:443 "GET /bot5121493952:AAEzxWWOArGWK7uONMj4NC_fkDna-xXcz2g/getUpdates?offset=331801091&timeout=20 HTTP/1.1" 200 23
2022-03-29 22:06:21,714 - connectionpool.py[LINE:456] - DEBUG - https://api.telegram.org:443 "GET /bot5121493952:AAEzxWWOArGWK7uONMj4NC_fkDna-xXcz2g/getUpdates?offset=331801091&timeout=20 HTTP/1.1" 200 23
2022-03-29 22:06:41,779 - connectionpool.py[LINE:456] - DEBUG - https://api.telegram.org:443 "GET /bot5121493952:AAEzxWWOArGWK7uONMj4NC_fkDna-xXcz2g/getUpdates?offset=331801091&timeout=20 HTTP/1.1" 200 23
2022-03-29 22:07:01,843 - connectionpool.py[LINE:456] - DEBUG - https://api.telegram.org:443 "GET /bot5121493952:AAEzxWWOArGWK7uONMj4NC_fkDna-xXcz2g/getUpdates?offset=331801091&timeout=20 HTTP/1.1" 200 23
2022-03-29 22:07:21,907 - connectionpool.py[LINE:456] - DEBUG - https://api.telegram.org:443 "GET /bot5121493952:AAEzxWWOArGWK7uONMj4NC_fkDna-xXcz2g/getUpdates?offset=331801091&timeout=20 HTTP/1.1" 200 23
2022-03-29 22:07:41,971 - connectionpool.py[LINE:456] - DEBUG - https://api.telegram.org:443 "GET /bot5121493952:AAEzxWWOArGWK7uONMj4NC_fkDna-xXcz2g/getUpdates?offset=331801091&timeout=20 HTTP/1.1" 200 23
2022-03-29 22:08:02,036 - connectionpool.py[LINE:456] - DEBUG - https://api.telegram.org:443 "GET /bot5121493952:AAEzxWWOArGWK7uONMj4NC_fkDna-xXcz2g/getUpdates?offset=331801091&timeout=20 HTTP/1.1" 200 23
2022-03-29 22:08:21,641 - __init__.py[LINE:660] - DEBUG - Running job Job(interval=10, unit=minutes, do=check_temp, args=(), kwargs={})
2022-03-29 22:08:22,101 - connectionpool.py[LINE:456] - DEBUG - https://api.telegram.org:443 "GET /bot5121493952:AAEzxWWOArGWK7uONMj4NC_fkDna-xXcz2g/getUpdates?offset=331801091&timeout=20 HTTP/1.1" 200 23
2022-03-29 22:08:22,546 - connectionpool.py[LINE:1001] - DEBUG - Starting new HTTPS connection (1): api.telegram.org:443
2022-03-29 22:08:23,216 - connectionpool.py[LINE:456] - DEBUG - https://api.telegram.org:443 "POST /bot5121493952:AAEzxWWOArGWK7uONMj4NC_fkDna-xXcz2g/sendMessage?chat_id=187087252%0A&text=Sensor%3A+%2Famdcpu%2F0%2Ftemperature%2F0%0A%D0%92%D0%9D%D0%98%D0%9C%D0%90%D0%9D%D0%98%D0%95%21+%D0%A2%D0%95%D0%9C%D0%9F%D0%95%D0%A0%D0%90%D0%A2%D0%A3%D0%A0%D0%90+%D0%9F%D0%9E%D0%94%D0%9D%D0%AF%D0%9B%D0%90%D0%A1%D0%AC+%D0%94%D0%9E+51.75+%D0%93%D0%A0%D0%90%D0%94%D0%A3%D0%A1%D0%9E%D0%92%21%21%21 HTTP/1.1" 200 551
2022-03-29 22:08:37,712 - main.py[LINE:154] - INFO - start programm
2022-03-29 22:08:37,717 - connectionpool.py[LINE:1001] - DEBUG - Starting new HTTPS connection (1): api.telegram.org:443
2022-03-29 22:08:50,664 - connectionpool.py[LINE:456] - DEBUG - https://api.telegram.org:443 "GET /bot5121493952:AAEzxWWOArGWK7uONMj4NC_fkDna-xXcz2g/getUpdates?offset=1&timeout=20 HTTP/1.1" 200 419
2022-03-29 22:09:10,730 - connectionpool.py[LINE:456] - DEBUG - https://api.telegram.org:443 "GET /bot5121493952:AAEzxWWOArGWK7uONMj4NC_fkDna-xXcz2g/getUpdates?offset=331801092&timeout=20 HTTP/1.1" 200 23
2022-03-29 22:09:14,325 - connectionpool.py[LINE:456] - DEBUG - https://api.telegram.org:443 "GET /bot5121493952:AAEzxWWOArGWK7uONMj4NC_fkDna-xXcz2g/getUpdates?offset=331801092&timeout=20 HTTP/1.1" 200 360
2022-03-29 22:09:18,261 - connectionpool.py[LINE:456] - DEBUG - https://api.telegram.org:443 "GET /bot5121493952:AAEzxWWOArGWK7uONMj4NC_fkDna-xXcz2g/getUpdates?offset=331801093&timeout=20 HTTP/1.1" 200 419
2022-03-29 22:09:21,005 - connectionpool.py[LINE:456] - DEBUG - https://api.telegram.org:443 "GET /bot5121493952:AAEzxWWOArGWK7uONMj4NC_fkDna-xXcz2g/getUpdates?offset=331801094&timeout=20 HTTP/1.1" 200 419
2022-03-29 22:09:38,698 - connectionpool.py[LINE:456] - DEBUG - https://api.telegram.org:443 "GET /bot5121493952:AAEzxWWOArGWK7uONMj4NC_fkDna-xXcz2g/getUpdates?offset=331801095&timeout=20 HTTP/1.1" 200 419
2022-03-29 22:09:43,245 - main.py[LINE:158] - INFO - start programm
2022-03-29 22:09:43,251 - connectionpool.py[LINE:1001] - DEBUG - Starting new HTTPS connection (1): api.telegram.org:443
2022-03-29 22:09:46,993 - connectionpool.py[LINE:456] - DEBUG - https://api.telegram.org:443 "GET /bot5121493952:AAEzxWWOArGWK7uONMj4NC_fkDna-xXcz2g/getUpdates?offset=1&timeout=20 HTTP/1.1" 200 419
2022-03-29 22:09:59,166 - main.py[LINE:158] - INFO - start programm
2022-03-29 22:09:59,172 - connectionpool.py[LINE:1001] - DEBUG - Starting new HTTPS connection (1): api.telegram.org:443
2022-03-29 22:10:02,319 - connectionpool.py[LINE:456] - DEBUG - https://api.telegram.org:443 "GET /bot5121493952:AAEzxWWOArGWK7uONMj4NC_fkDna-xXcz2g/getUpdates?offset=1&timeout=20 HTTP/1.1" 200 419
2022-03-29 22:10:10,478 - connectionpool.py[LINE:456] - DEBUG - https://api.telegram.org:443 "GET /bot5121493952:AAEzxWWOArGWK7uONMj4NC_fkDna-xXcz2g/getUpdates?offset=331801098&timeout=20 HTTP/1.1" 200 407
2022-03-29 22:10:10,482 - connectionpool.py[LINE:1001] - DEBUG - Starting new HTTPS connection (1): api.telegram.org:443
2022-03-29 22:10:10,764 - connectionpool.py[LINE:456] - DEBUG - https://api.telegram.org:443 "POST /bot5121493952:AAEzxWWOArGWK7uONMj4NC_fkDna-xXcz2g/sendMessage?chat_id=187087252&text=Start+checking+...&reply_to_message_id=127 HTTP/1.1" 200 663
2022-03-29 22:10:10,890 - connectionpool.py[LINE:456] - DEBUG - https://api.telegram.org:443 "POST /bot5121493952:AAEzxWWOArGWK7uONMj4NC_fkDna-xXcz2g/sendMessage?chat_id=187087252&text=%D0%92%D1%8B%D0%B1%D0%B5%D1%80%D0%B8%D1%82%D0%B5+%D0%B7%D0%B0%D0%B4%D0%B0%D0%BD%D0%B8%D0%B5%3A&reply_markup=%7B%22keyboard%22%3A+%5B%5B%7B%22text%22%3A+%22%5Cu0422%5Cu0435%5Cu043c%5Cu043f%5Cu0435%5Cu0440%5Cu0430%5Cu0442%5Cu0443%5Cu0440%5Cu0430%22%7D%5D%2C+%5B%7B%22text%22%3A+%22Ping+Server-77+File%22%7D%5D%2C+%5B%7B%22text%22%3A+%22Ping+Server-1+Buh%22%7D%5D%2C+%5B%7B%22text%22%3A+%22Ping+Server-2+Adonis%22%7D%5D%2C+%5B%7B%22text%22%3A+%22Ping+Server-3+Old+DNS%22%7D%5D%2C+%5B%7B%22text%22%3A+%22Ping+Server-7+Clinic%22%7D%5D%2C+%5B%7B%22text%22%3A+%22Ping+ter-admin1%22%7D%5D%2C+%5B%7B%22text%22%3A+%22Ping+Server-10+DNS%22%7D%5D%5D%2C+%22resize_keyboard%22%3A+true%7D HTTP/1.1" 200 368
2022-03-29 22:10:12,677 - connectionpool.py[LINE:456] - DEBUG - https://api.telegram.org:443 "GET /bot5121493952:AAEzxWWOArGWK7uONMj4NC_fkDna-xXcz2g/getUpdates?offset=331801099&timeout=20 HTTP/1.1" 200 409
2022-03-29 22:10:13,254 - connectionpool.py[LINE:456] - DEBUG - https://api.telegram.org:443 "POST /bot5121493952:AAEzxWWOArGWK7uONMj4NC_fkDna-xXcz2g/sendMessage?chat_id=187087252&text=Sensor%3A+%2Famdcpu%2F0%2Ftemperature%2F0%0ACore+CPU+Package%0AValue%3A+53.125%0AMax%3A+69.25 HTTP/1.1" 200 352
2022-03-29 22:10:27,836 - main.py[LINE:158] - INFO - start programm
2022-03-29 22:10:27,841 - connectionpool.py[LINE:1001] - DEBUG - Starting new HTTPS connection (1): api.telegram.org:443
2022-03-29 22:10:30,111 - connectionpool.py[LINE:456] - DEBUG - https://api.telegram.org:443 "GET /bot5121493952:AAEzxWWOArGWK7uONMj4NC_fkDna-xXcz2g/getUpdates?offset=1&timeout=20 HTTP/1.1" 200 407
2022-03-29 22:10:30,115 - connectionpool.py[LINE:1001] - DEBUG - Starting new HTTPS connection (1): api.telegram.org:443
2022-03-29 22:10:31,057 - connectionpool.py[LINE:456] - DEBUG - https://api.telegram.org:443 "POST /bot5121493952:AAEzxWWOArGWK7uONMj4NC_fkDna-xXcz2g/sendMessage?chat_id=187087252&text=Start+checking+...&reply_to_message_id=132 HTTP/1.1" 200 663
2022-03-29 22:10:31,465 - connectionpool.py[LINE:456] - DEBUG - https://api.telegram.org:443 "POST /bot5121493952:AAEzxWWOArGWK7uONMj4NC_fkDna-xXcz2g/sendMessage?chat_id=187087252&text=%D0%92%D1%8B%D0%B1%D0%B5%D1%80%D0%B8%D1%82%D0%B5+%D0%B7%D0%B0%D0%B4%D0%B0%D0%BD%D0%B8%D0%B5%3A&reply_markup=%7B%22keyboard%22%3A+%5B%5B%7B%22text%22%3A+%22%5Cu0422%5Cu0435%5Cu043c%5Cu043f%5Cu0435%5Cu0440%5Cu0430%5Cu0442%5Cu0443%5Cu0440%5Cu0430%22%7D%5D%2C+%5B%7B%22text%22%3A+%22Ping+Server-77+File%22%7D%5D%2C+%5B%7B%22text%22%3A+%22Ping+Server-1+Buh%22%7D%5D%2C+%5B%7B%22text%22%3A+%22Ping+Server-2+Adonis%22%7D%5D%2C+%5B%7B%22text%22%3A+%22Ping+Server-3+Old+DNS%22%7D%5D%2C+%5B%7B%22text%22%3A+%22Ping+Server-7+Clinic%22%7D%5D%2C+%5B%7B%22text%22%3A+%22Ping+ter-admin1%22%7D%5D%2C+%5B%7B%22text%22%3A+%22Ping+Server-10+DNS%22%7D%5D%5D%2C+%22resize_keyboard%22%3A+true%7D HTTP/1.1" 200 368
2022-03-29 22:10:32,957 - connectionpool.py[LINE:456] - DEBUG - https://api.telegram.org:443 "GET /bot5121493952:AAEzxWWOArGWK7uONMj4NC_fkDna-xXcz2g/getUpdates?offset=331801101&timeout=20 HTTP/1.1" 200 409
2022-03-29 22:10:34,077 - connectionpool.py[LINE:456] - DEBUG - https://api.telegram.org:443 "POST /bot5121493952:AAEzxWWOArGWK7uONMj4NC_fkDna-xXcz2g/sendMessage?chat_id=187087252&text=Sensor%3A+%2Famdcpu%2F0%2Ftemperature%2F0%0ACore+CPU+Package%0AValue%3A+56.5%0AMax%3A+69.25 HTTP/1.1" 200 350
2022-03-29 22:10:49,371 - main.py[LINE:158] - INFO - start programm
2022-03-29 22:10:49,377 - connectionpool.py[LINE:1001] - DEBUG - Starting new HTTPS connection (1): api.telegram.org:443
2022-03-29 22:10:53,977 - connectionpool.py[LINE:456] - DEBUG - https://api.telegram.org:443 "GET /bot5121493952:AAEzxWWOArGWK7uONMj4NC_fkDna-xXcz2g/getUpdates?offset=1&timeout=20 HTTP/1.1" 200 407
2022-03-29 22:10:53,981 - connectionpool.py[LINE:1001] - DEBUG - Starting new HTTPS connection (1): api.telegram.org:443
2022-03-29 22:10:55,591 - connectionpool.py[LINE:456] - DEBUG - https://api.telegram.org:443 "POST /bot5121493952:AAEzxWWOArGWK7uONMj4NC_fkDna-xXcz2g/sendMessage?chat_id=187087252&text=Start+checking+...&reply_to_message_id=137 HTTP/1.1" 200 663
2022-03-29 22:10:56,176 - connectionpool.py[LINE:456] - DEBUG - https://api.telegram.org:443 "POST /bot5121493952:AAEzxWWOArGWK7uONMj4NC_fkDna-xXcz2g/sendMessage?chat_id=187087252&text=%D0%92%D1%8B%D0%B1%D0%B5%D1%80%D0%B8%D1%82%D0%B5+%D0%B7%D0%B0%D0%B4%D0%B0%D0%BD%D0%B8%D0%B5%3A&reply_markup=%7B%22keyboard%22%3A+%5B%5B%7B%22text%22%3A+%22%5Cu0422%5Cu0435%5Cu043c%5Cu043f%5Cu0435%5Cu0440%5Cu0430%5Cu0442%5Cu0443%5Cu0440%5Cu0430%22%7D%5D%2C+%5B%7B%22text%22%3A+%22Ping+Server-77+File%22%7D%5D%2C+%5B%7B%22text%22%3A+%22Ping+Server-1+Buh%22%7D%5D%2C+%5B%7B%22text%22%3A+%22Ping+Server-2+Adonis%22%7D%5D%2C+%5B%7B%22text%22%3A+%22Ping+Server-3+Old+DNS%22%7D%5D%2C+%5B%7B%22text%22%3A+%22Ping+Server-7+Clinic%22%7D%5D%2C+%5B%7B%22text%22%3A+%22Ping+ter-admin1%22%7D%5D%2C+%5B%7B%22text%22%3A+%22Ping+Server-10+DNS%22%7D%5D%5D%2C+%22resize_keyboard%22%3A+true%7D HTTP/1.1" 200 368
2022-03-29 22:10:57,235 - connectionpool.py[LINE:456] - DEBUG - https://api.telegram.org:443 "GET /bot5121493952:AAEzxWWOArGWK7uONMj4NC_fkDna-xXcz2g/getUpdates?offset=331801103&timeout=20 HTTP/1.1" 200 409
2022-03-29 22:10:58,051 - connectionpool.py[LINE:1001] - DEBUG - Starting new HTTPS connection (1): api.telegram.org:443
2022-03-29 22:10:58,300 - connectionpool.py[LINE:456] - DEBUG - https://api.telegram.org:443 "POST /bot5121493952:AAEzxWWOArGWK7uONMj4NC_fkDna-xXcz2g/sendMessage?chat_id=187087252&text=Sensor%3A+%2Famdcpu%2F0%2Ftemperature%2F0%0ACore+CPU+Package%0AValue%3A+54.625%0AMax%3A+69.25 HTTP/1.1" 200 352
2022-03-29 22:11:00,180 - connectionpool.py[LINE:456] - DEBUG - https://api.telegram.org:443 "GET /bot5121493952:AAEzxWWOArGWK7uONMj4NC_fkDna-xXcz2g/getUpdates?offset=331801104&timeout=20 HTTP/1.1" 200 362
2022-03-29 22:11:20,246 - connectionpool.py[LINE:456] - DEBUG - https://api.telegram.org:443 "GET /bot5121493952:AAEzxWWOArGWK7uONMj4NC_fkDna-xXcz2g/getUpdates?offset=331801105&timeout=20 HTTP/1.1" 200 23
2022-03-29 22:11:40,311 - connectionpool.py[LINE:456] - DEBUG - https://api.telegram.org:443 "GET /bot5121493952:AAEzxWWOArGWK7uONMj4NC_fkDna-xXcz2g/getUpdates?offset=331801105&timeout=20 HTTP/1.1" 200 23
2022-03-29 22:12:00,376 - connectionpool.py[LINE:456] - DEBUG - https://api.telegram.org:443 "GET /bot5121493952:AAEzxWWOArGWK7uONMj4NC_fkDna-xXcz2g/getUpdates?offset=331801105&timeout=20 HTTP/1.1" 200 23
2022-03-29 22:12:20,441 - connectionpool.py[LINE:456] - DEBUG - https://api.telegram.org:443 "GET /bot5121493952:AAEzxWWOArGWK7uONMj4NC_fkDna-xXcz2g/getUpdates?offset=331801105&timeout=20 HTTP/1.1" 200 23
2022-03-29 22:18:23,155 - main.py[LINE:158] - INFO - start programm
2022-03-29 22:18:23,160 - connectionpool.py[LINE:1001] - DEBUG - Starting new HTTPS connection (1): api.telegram.org:443
2022-03-29 22:18:28,176 - connectionpool.py[LINE:456] - DEBUG - https://api.telegram.org:443 "GET /bot5121493952:AAEzxWWOArGWK7uONMj4NC_fkDna-xXcz2g/getUpdates?offset=1&timeout=20 HTTP/1.1" 200 409
2022-03-29 22:18:29,096 - connectionpool.py[LINE:1001] - DEBUG - Starting new HTTPS connection (1): api.telegram.org:443
2022-03-29 22:18:29,362 - connectionpool.py[LINE:456] - DEBUG - https://api.telegram.org:443 "POST /bot5121493952:AAEzxWWOArGWK7uONMj4NC_fkDna-xXcz2g/sendMessage?chat_id=187087252&text=Sensor%3A+%2Famdcpu%2F0%2Ftemperature%2F0%0ACore+CPU+Package%0AValue%3A+57.125%0AMax%3A+69.25 HTTP/1.1" 200 352
2022-03-29 22:18:40,338 - main.py[LINE:59] - ERROR - error: <class 'requests.exceptions.ConnectionError'>
2022-03-29 22:18:45,341 - connectionpool.py[LINE:1001] - DEBUG - Starting new HTTPS connection (1): api.telegram.org:443
2022-03-29 22:18:45,358 - main.py[LINE:59] - ERROR - error: <class 'requests.exceptions.ConnectionError'>
2022-03-29 22:18:50,376 - connectionpool.py[LINE:1001] - DEBUG - Starting new HTTPS connection (1): api.telegram.org:443
2022-03-29 22:18:50,378 - main.py[LINE:59] - ERROR - error: <class 'requests.exceptions.ConnectionError'>
2022-03-29 22:18:55,387 - connectionpool.py[LINE:1001] - DEBUG - Starting new HTTPS connection (1): api.telegram.org:443
2022-03-29 22:18:55,389 - main.py[LINE:59] - ERROR - error: <class 'requests.exceptions.ConnectionError'>
2022-03-29 22:19:00,404 - connectionpool.py[LINE:1001] - DEBUG - Starting new HTTPS connection (1): api.telegram.org:443
2022-03-29 22:19:00,408 - main.py[LINE:59] - ERROR - error: <class 'requests.exceptions.ConnectionError'>
2022-03-29 22:19:05,417 - connectionpool.py[LINE:1001] - DEBUG - Starting new HTTPS connection (1): api.telegram.org:443
2022-03-29 22:19:05,640 - connectionpool.py[LINE:456] - DEBUG - https://api.telegram.org:443 "GET /bot5121493952:AAEzxWWOArGWK7uONMj4NC_fkDna-xXcz2g/getUpdates?offset=331801106&timeout=20 HTTP/1.1" 200 409
2022-03-29 22:19:06,565 - connectionpool.py[LINE:1001] - DEBUG - Starting new HTTPS connection (1): api.telegram.org:443
2022-03-29 22:19:07,138 - connectionpool.py[LINE:456] - DEBUG - https://api.telegram.org:443 "POST /bot5121493952:AAEzxWWOArGWK7uONMj4NC_fkDna-xXcz2g/sendMessage?chat_id=187087252&text=Sensor%3A+%2Famdcpu%2F0%2Ftemperature%2F0%0ACore+CPU+Package%0AValue%3A+54.875%0AMax%3A+69.25 HTTP/1.1" 200 352
2022-03-29 22:19:10,224 - connectionpool.py[LINE:456] - DEBUG - https://api.telegram.org:443 "GET /bot5121493952:AAEzxWWOArGWK7uONMj4NC_fkDna-xXcz2g/getUpdates?offset=331801107&timeout=20 HTTP/1.1" 200 409
2022-03-29 22:19:11,292 - connectionpool.py[LINE:456] - DEBUG - https://api.telegram.org:443 "POST /bot5121493952:AAEzxWWOArGWK7uONMj4NC_fkDna-xXcz2g/sendMessage?chat_id=187087252&text=Sensor%3A+%2Famdcpu%2F0%2Ftemperature%2F0%0ACore+CPU+Package%0AValue%3A+53.625%0AMax%3A+69.25 HTTP/1.1" 200 352
